{"numFailedTestSuites":1,"numFailedTests":0,"numPassedTestSuites":0,"numPassedTests":0,"numPendingTestSuites":0,"numPendingTests":0,"numRuntimeErrorTestSuites":1,"numTodoTests":0,"numTotalTestSuites":1,"numTotalTests":0,"openHandles":[],"snapshot":{"added":0,"didUpdate":false,"failure":false,"filesAdded":0,"filesRemoved":0,"filesRemovedList":[],"filesUnmatched":0,"filesUpdated":0,"matched":0,"total":0,"unchecked":0,"uncheckedKeysByFile":[],"unmatched":0,"updated":0},"startTime":1772997136869,"success":false,"testResults":[{"assertionResults":[],"coverage":{},"endTime":1772997137461,"message":"  ● Test suite failed to run\n\n    TypeError: Cannot read properties of undefined (reading 'quantity')\n\n      81 |     let count = 0;\n      82 |     for (let i = 0; i <= this.lineItems.length; i++) {\n    > 83 |       count += this.lineItems[i].quantity;\n         |                                  ^\n      84 |     }\n      85 |     return count;\n      86 |   };\n\n      at OrderProcessor.quantity [as getTotalItemCount] (order-processor.js:83:34)\n      at OrderProcessor.getTotalItemCount [as getVolumeDiscountPercent] (order-processor.js:92:24)\n      at OrderProcessor.getVolumeDiscountPercent [as calculateTotal] (order-processor.js:105:40)\n      at OrderProcessor.calculateTotal [as getSummary] (order-processor.js:178:25)\n      at Object.getSummary (order-processor.js:201:37)\n      at Object.require (order-processor.test.js:8:24)\n","name":"/workspaces/relishqaengtt/order-processor.test.js","startTime":1772997137461,"status":"failed","summary":""}],"wasInterrupted":false}
