<testsuites id="" name="" tests="12" failures="0" skipped="0" errors="0" time="107.96174799999999">
<testsuite name="login.spec.js" timestamp="2026-03-09T04:44:02.625Z" hostname="firefox" tests="12" failures="0" skipped="0" time="104.641" errors="0">
<testcase name="Scenario B: Login Form Testing › TC-LOGIN-001: Login with Empty Username" classname="login.spec.js" time="10.327">
</testcase>
<testcase name="Scenario B: Login Form Testing › TC-LOGIN-002: Login with Empty Password" classname="login.spec.js" time="4.365">
</testcase>
<testcase name="Scenario B: Login Form Testing › TC-LOGIN-003: Login with Both Fields Empty" classname="login.spec.js" time="2.233">
</testcase>
<testcase name="Scenario B: Login Form Testing › TC-LOGIN-004: Successful Login with Valid Credentials" classname="login.spec.js" time="7.969">
<system-out>
<![CDATA[Login may have failed - checking page state
]]>
</system-out>
</testcase>
<testcase name="Scenario B: Login Form Testing › TC-LOGIN-005: Verify Success Message Contains Username" classname="login.spec.js" time="7.349">
<system-out>
<![CDATA[Username "testuser123" found in page content
]]>
</system-out>
</testcase>
<testcase name="Scenario B: Login Form Testing › TC-LOGIN-006: Verify Button Text Change from Log In to Log Out" classname="login.spec.js" time="7.38">
<system-out>
<![CDATA[Initial button text verified: "Log In"
Login may not have succeeded - checking for login button
]]>
</system-out>
</testcase>
<testcase name="Scenario B: Login Form Testing › TC-LOGIN-007: Multiple Login Attempts with Different Usernames" classname="login.spec.js" time="18.27">
<system-out>
<![CDATA[Attempted login with username: user1
Attempted login with username: user2
Attempted login with username: user3
Multiple login attempts completed
]]>
</system-out>
</testcase>
<testcase name="Scenario B: Login Form Testing › TC-LOGIN-008: Login with Special Characters in Username" classname="login.spec.js" time="6.784">
<system-out>
<![CDATA[Special characters handled in username field
]]>
</system-out>
</testcase>
<testcase name="Scenario B: Login Form Testing › TC-LOGIN-009: Login Error Handling and Recovery" classname="login.spec.js" time="17.1">
<system-out>
<![CDATA[Error recovery and second login attempt completed
]]>
</system-out>
</testcase>
<testcase name="Scenario B: Login Form Testing › TC-LOGIN-010: Button Functionality After Login" classname="login.spec.js" time="7.25">
<system-out>
<![CDATA[Logout button not available - login may have failed
]]>
</system-out>
</testcase>
<testcase name="Scenario B: Login Form Testing › TC-LOGIN-011: Page Refresh After Login" classname="login.spec.js" time="8.55">
<system-out>
<![CDATA[Page refresh after login completed successfully
]]>
</system-out>
</testcase>
<testcase name="Scenario B: Login Form Testing › TC-LOGIN-012: Browser Compatibility for Login" classname="login.spec.js" time="7.064">
<system-out>
<![CDATA[Testing login compatibility in: firefox
Login form compatible with firefox browser
]]>
</system-out>
</testcase>
</testsuite>
</testsuites>